<?xml version="1.0" encoding="utf-8"?>
<TestRun id="a" name="run" xmlns="http://microsoft.com/schemas/VisualStudio/TeamTest/2010">
  <Results>
    <UnitTestResult executionId="1" testName="SynthWatch.Api.Tests.IntegrationTests.Checks_list_returns_seed" outcome="NotExecuted" />
    <UnitTestResult executionId="2" testName="SynthWatch.Api.Tests.PreviewCredentialsTests.Preview_accepts_credentials" outcome="NotExecuted" />
    <UnitTestResult executionId="3" testName="SynthWatch.Api.Tests.MappingTests.Maps_dto" outcome="Passed" />
    <UnitTestResult executionId="4" testName="SynthWatch.Api.Tests.TraceSignalsGoldenParityTests.FromZip_golden_input_matches_expected_json" outcome="NotExecuted" />
    <UnitTestResult executionId="5" testName="SynthWatch.Api.Tests.TraceSignalsGoldenParityTests.Canonicalize_golden_input_matches_canonicalize_json" outcome="NotExecuted" />
  </Results>
  <ResultSummary outcome="Completed">
    <Counters total="518" executed="514" passed="514" error="0" failed="0" timeout="0" aborted="0" inconclusive="0" passedButRunAborted="0" notRunnable="0" notExecuted="4" disconnected="0" warning="0" completed="0" inProgress="0" pending="0" />
  </ResultSummary>
</TestRun>
